10-02-2024 15:51:59.503 INFO: Incoming request | #1 | resource: /todo | HTTP Verb POST | request #1
10-02-2024 15:55:49.690 INFO: Incoming request | #1 | resource: /todo | HTTP Verb POST | request #1
10-02-2024 16:01:53.975 INFO: Incoming request | #1 | resource: /todo | HTTP Verb POST | request #1
10-02-2024 16:02:33.123 INFO: Incoming request | #1 | resource: /todo | HTTP Verb POST | request #1
10-02-2024 16:03:20.018 INFO: Incoming request | #1 | resource: /todo | HTTP Verb POST | request #1
10-02-2024 16:06:06.736 INFO: Incoming request | #1 | resource: /todo | HTTP Verb POST | request #1
10-02-2024 16:11:54.180 INFO: Incoming request | #1 | resource: /todo | HTTP Verb POST | request #1
10-02-2024 16:29:46.500 INFO: Incoming request | #1 | resource: /todo | HTTP Verb POST | request #1
10-02-2024 17:08:57.653 INFO: Incoming request | #1 | resource: /todo/size | HTTP Verb GET | request #1
10-02-2024 17:09:13.440 INFO: Incoming request | #2 | resource: /todo/size | HTTP Verb GET | request #2
10-02-2024 17:09:26.814 INFO: Incoming request | #3 | resource: /todo/size | HTTP Verb GET | request #3
10-02-2024 17:45:44.364 INFO: Incoming request | #1 | resource: /todo/size | HTTP Verb GET | request #1
10-02-2024 17:46:00.976 INFO: Incoming request | #1 | resource: /todo/content | HTTP Verb GET | request #1
10-02-2024 17:46:07.696 INFO: Incoming request | #1 | resource: /todo/content | HTTP Verb GET | request #1
10-02-2024 18:31:50.157 INFO: Incoming request | #1 | resource: /todo | HTTP Verb DELETE | request #1
10-02-2024 18:37:59.844 INFO: Incoming request | #1 | resource: /todo | HTTP Verb DELETE | request #1
10-02-2024 18:41:51.206 INFO: Incoming request | #1 | resource: /todo | HTTP Verb DELETE | request #1
10-02-2024 18:57:33.692 INFO: Incoming request | #1 | resource: /todo | HTTP Verb DELETE | request #1
10-02-2024 18:58:40.719 INFO: Incoming request | #1 | resource: /todo | HTTP Verb POST | request #1
10-02-2024 18:58:54.244 INFO: Incoming request | #1 | resource: /todo | HTTP Verb DELETE | request #1
10-02-2024 18:59:41.170 INFO: Incoming request | #1 | resource: /todo | HTTP Verb POST | request #1
10-02-2024 19:00:01.171 INFO: Incoming request | #1 | resource: /todo | HTTP Verb DELETE | request #1
10-02-2024 19:02:25.351 INFO: Incoming request | #1 | resource: /todo/size | HTTP Verb GET | request #1
10-02-2024 19:02:25.597 INFO: Incoming request | #1 | resource: /todo/size | HTTP Verb GET | request #1
10-02-2024 19:02:26.006 INFO: Incoming request | #1 | resource: /todo/size | HTTP Verb GET | request #1
10-02-2024 19:02:26.085 INFO: Incoming request | #1 | resource: /todo/size | HTTP Verb GET | request #1
10-02-2024 19:02:26.180 INFO: Incoming request | #1 | resource: /todo/size | HTTP Verb GET | request #1
10-02-2024 19:02:26.260 INFO: Incoming request | #1 | resource: /todo | HTTP Verb PUT | request #1
10-02-2024 19:02:26.419 INFO: Incoming request | #1 | resource: /todo/size | HTTP Verb GET | request #1
10-02-2024 19:02:26.525 INFO: Incoming request | #1 | resource: /todo/size | HTTP Verb GET | request #1
10-02-2024 19:02:26.653 INFO: Incoming request | #1 | resource: /todo | HTTP Verb POST | request #1
10-02-2024 19:02:26.872 INFO: Incoming request | #1 | resource: /todo/content | HTTP Verb GET | request #1
10-02-2024 19:02:26.951 INFO: Incoming request | #1 | resource: /todo/content | HTTP Verb GET | request #1
10-02-2024 19:02:27.049 INFO: Incoming request | #1 | resource: /todo | HTTP Verb DELETE | request #1
10-02-2024 19:02:27.167 INFO: Incoming request | #1 | resource: /todo/size | HTTP Verb GET | request #1
10-02-2024 19:02:27.245 INFO: Incoming request | #1 | resource: /todo/size | HTTP Verb GET | request #1
10-02-2024 19:05:38.320 INFO: Incoming request | #1 | resource: /todo | HTTP Verb PUT | request #1
10-02-2024 19:11:18.340 INFO: Incoming request | #1 | resource: /todo | HTTP Verb PUT | request #1
10-02-2024 19:12:25.001 INFO: Incoming request | #1 | resource: /todo | HTTP Verb PUT | request #1
10-02-2024 19:13:03.248 INFO: Incoming request | #1 | resource: /todo | HTTP Verb PUT | request #1
10-02-2024 19:23:17.330 INFO: Incoming request | #1 | resource: /todo | HTTP Verb PUT | request #1
10-02-2024 19:29:32.672 INFO: Incoming request | #1 | resource: /todo | HTTP Verb PUT | request #1
10-02-2024 19:30:29.381 INFO: Incoming request | #1 | resource: /todo | HTTP Verb PUT | request #1
10-02-2024 19:30:44.047 INFO: Incoming request | #1 | resource: /todo | HTTP Verb PUT | request #1
10-02-2024 19:31:43.953 INFO: Incoming request | #1 | resource: /todo | HTTP Verb PUT | request #1
10-02-2024 19:31:46.181 INFO: Incoming request | #1 | resource: /todo | HTTP Verb PUT | request #1
10-02-2024 19:31:47.515 INFO: Incoming request | #1 | resource: /todo | HTTP Verb PUT | request #1
10-02-2024 19:32:11.712 INFO: Incoming request | #1 | resource: /todo | HTTP Verb PUT | request #1
10-02-2024 19:32:22.951 INFO: Incoming request | #1 | resource: /todo | HTTP Verb PUT | request #1
10-02-2024 19:32:43.542 INFO: Incoming request | #1 | resource: /todo | HTTP Verb PUT | request #1
10-02-2024 19:32:45.090 INFO: Incoming request | #1 | resource: /todo | HTTP Verb PUT | request #1
10-02-2024 19:32:47.774 INFO: Incoming request | #1 | resource: /todo | HTTP Verb PUT | request #1
10-02-2024 19:32:57.362 INFO: Incoming request | #1 | resource: /todo | HTTP Verb PUT | request #1
10-02-2024 19:38:08.269 INFO: Incoming request | #1 | resource: /todo | HTTP Verb PUT | request #1
10-02-2024 19:38:14.861 INFO: Incoming request | #1 | resource: /todo | HTTP Verb PUT | request #1
10-02-2024 20:15:01.945 INFO: Incoming request | #1 | resource: /todo | HTTP Verb PUT | request #1
10-02-2024 20:18:04.334 INFO: Incoming request | #1 | resource: /todo | HTTP Verb PUT | request #1
10-02-2024 20:18:38.094 INFO: Incoming request | #1 | resource: /todo | HTTP Verb PUT | request #1
10-02-2024 20:18:46.333 INFO: Incoming request | #1 | resource: /todo | HTTP Verb PUT | request #1
10-02-2024 20:19:31.086 INFO: Incoming request | #1 | resource: /todo | HTTP Verb PUT | request #1
10-02-2024 20:19:53.421 INFO: Incoming request | #1 | resource: /todo/size | HTTP Verb GET | request #1
10-02-2024 20:19:53.533 INFO: Incoming request | #1 | resource: /todo/size | HTTP Verb GET | request #1
10-02-2024 20:19:53.881 INFO: Incoming request | #1 | resource: /todo/size | HTTP Verb GET | request #1
10-02-2024 20:19:53.975 INFO: Incoming request | #1 | resource: /todo/size | HTTP Verb GET | request #1
10-02-2024 20:19:54.056 INFO: Incoming request | #1 | resource: /todo/size | HTTP Verb GET | request #1
10-02-2024 20:19:54.151 INFO: Incoming request | #1 | resource: /todo | HTTP Verb PUT | request #1
10-02-2024 20:19:54.260 INFO: Incoming request | #1 | resource: /todo/size | HTTP Verb GET | request #1
10-02-2024 20:19:54.355 INFO: Incoming request | #1 | resource: /todo/size | HTTP Verb GET | request #1
10-02-2024 20:19:54.451 INFO: Incoming request | #1 | resource: /todo | HTTP Verb POST | request #1
10-02-2024 20:19:54.604 INFO: Incoming request | #1 | resource: /todo/content | HTTP Verb GET | request #1
10-02-2024 20:19:54.696 INFO: Incoming request | #1 | resource: /todo/content | HTTP Verb GET | request #1
10-02-2024 20:19:54.818 INFO: Incoming request | #1 | resource: /todo | HTTP Verb DELETE | request #1
10-02-2024 20:19:54.978 INFO: Incoming request | #1 | resource: /todo/size | HTTP Verb GET | request #1
10-02-2024 20:19:55.042 INFO: Incoming request | #1 | resource: /todo/size | HTTP Verb GET | request #1
10-02-2024 20:21:11.741 INFO: Incoming request | #1 | resource: /todo/content | HTTP Verb GET | request #1
10-02-2024 20:23:00.244 INFO: Incoming request | #1 | resource: /todo | HTTP Verb POST | request #1
10-02-2024 20:23:13.480 INFO: Incoming request | #1 | resource: /todo/content | HTTP Verb GET | request #1
10-02-2024 20:23:33.462 INFO: Incoming request | #1 | resource: /todo/content | HTTP Verb GET | request #1
10-02-2024 20:24:13.825 INFO: Incoming request | #1 | resource: /todo/content | HTTP Verb GET | request #1
10-02-2024 20:26:01.644 INFO: Incoming request | #1 | resource: /todo/content | HTTP Verb GET | request #1
10-02-2024 20:26:21.267 INFO: Incoming request | #1 | resource: /todo | HTTP Verb DELETE | request #1
10-02-2024 20:27:54.169 INFO: Incoming request | #1 | resource: /todo/size | HTTP Verb GET | request #1
10-02-2024 20:27:54.366 INFO: Incoming request | #1 | resource: /todo/size | HTTP Verb GET | request #1
10-02-2024 20:27:54.746 INFO: Incoming request | #1 | resource: /todo/size | HTTP Verb GET | request #1
10-02-2024 20:27:54.822 INFO: Incoming request | #1 | resource: /todo/size | HTTP Verb GET | request #1
10-02-2024 20:27:54.902 INFO: Incoming request | #1 | resource: /todo/size | HTTP Verb GET | request #1
10-02-2024 20:27:55.014 INFO: Incoming request | #1 | resource: /todo | HTTP Verb PUT | request #1
10-02-2024 20:27:55.236 INFO: Incoming request | #1 | resource: /todo/size | HTTP Verb GET | request #1
10-02-2024 20:27:55.344 INFO: Incoming request | #1 | resource: /todo/size | HTTP Verb GET | request #1
10-02-2024 20:27:55.462 INFO: Incoming request | #1 | resource: /todo | HTTP Verb POST | request #1
10-02-2024 20:27:55.643 INFO: Incoming request | #1 | resource: /todo/content | HTTP Verb GET | request #1
10-02-2024 20:27:55.764 INFO: Incoming request | #1 | resource: /todo/content | HTTP Verb GET | request #1
10-02-2024 20:27:55.869 INFO: Incoming request | #1 | resource: /todo | HTTP Verb DELETE | request #1
10-02-2024 20:27:55.985 INFO: Incoming request | #1 | resource: /todo/size | HTTP Verb GET | request #1
10-02-2024 20:27:56.092 INFO: Incoming request | #1 | resource: /todo/size | HTTP Verb GET | request #1
10-02-2024 20:28:34.828 INFO: Incoming request | #1 | resource: /todo/size | HTTP Verb GET | request #1
10-02-2024 20:29:37.779 INFO: Incoming request | #1 | resource: /todo | HTTP Verb PUT | request #1
10-02-2024 20:30:17.464 INFO: Incoming request | #1 | resource: /todo/size | HTTP Verb GET | request #1
10-02-2024 20:30:17.671 INFO: Incoming request | #1 | resource: /todo/size | HTTP Verb GET | request #1
10-02-2024 20:30:18.033 INFO: Incoming request | #1 | resource: /todo/size | HTTP Verb GET | request #1
10-02-2024 20:30:18.128 INFO: Incoming request | #1 | resource: /todo/size | HTTP Verb GET | request #1
10-02-2024 20:30:18.206 INFO: Incoming request | #1 | resource: /todo/size | HTTP Verb GET | request #1
10-02-2024 20:30:18.288 INFO: Incoming request | #1 | resource: /todo | HTTP Verb PUT | request #1
10-02-2024 20:30:18.549 INFO: Incoming request | #1 | resource: /todo/size | HTTP Verb GET | request #1
10-02-2024 20:30:18.640 INFO: Incoming request | #1 | resource: /todo/size | HTTP Verb GET | request #1
10-02-2024 20:30:18.751 INFO: Incoming request | #1 | resource: /todo | HTTP Verb POST | request #1
10-02-2024 20:30:18.891 INFO: Incoming request | #1 | resource: /todo/content | HTTP Verb GET | request #1
10-02-2024 20:30:18.970 INFO: Incoming request | #1 | resource: /todo/content | HTTP Verb GET | request #1
10-02-2024 20:30:19.061 INFO: Incoming request | #1 | resource: /todo | HTTP Verb DELETE | request #1
10-02-2024 20:30:19.203 INFO: Incoming request | #1 | resource: /todo/size | HTTP Verb GET | request #1
10-02-2024 20:30:19.298 INFO: Incoming request | #1 | resource: /todo/size | HTTP Verb GET | request #1
10-02-2024 20:32:52.473 INFO: Incoming request | #1 | resource: /todo | HTTP Verb PUT | request #1
10-02-2024 20:33:35.854 INFO: Incoming request | #1 | resource: /todo/size | HTTP Verb GET | request #1
10-02-2024 20:33:36.022 INFO: Incoming request | #1 | resource: /todo/size | HTTP Verb GET | request #1
10-02-2024 20:33:36.399 INFO: Incoming request | #1 | resource: /todo/size | HTTP Verb GET | request #1
10-02-2024 20:33:36.509 INFO: Incoming request | #1 | resource: /todo/size | HTTP Verb GET | request #1
10-02-2024 20:33:36.572 INFO: Incoming request | #1 | resource: /todo/size | HTTP Verb GET | request #1
10-02-2024 20:33:36.654 INFO: Incoming request | #1 | resource: /todo | HTTP Verb PUT | request #1
10-02-2024 20:33:36.854 INFO: Incoming request | #1 | resource: /todo/size | HTTP Verb GET | request #1
10-02-2024 20:33:36.949 INFO: Incoming request | #1 | resource: /todo/size | HTTP Verb GET | request #1
10-02-2024 20:33:37.061 INFO: Incoming request | #1 | resource: /todo | HTTP Verb POST | request #1
10-02-2024 20:33:37.203 INFO: Incoming request | #1 | resource: /todo/content | HTTP Verb GET | request #1
10-02-2024 20:33:37.294 INFO: Incoming request | #1 | resource: /todo/content | HTTP Verb GET | request #1
10-02-2024 20:33:37.394 INFO: Incoming request | #1 | resource: /todo | HTTP Verb DELETE | request #1
10-02-2024 20:33:37.511 INFO: Incoming request | #1 | resource: /todo/size | HTTP Verb GET | request #1
10-02-2024 20:33:37.605 INFO: Incoming request | #1 | resource: /todo/size | HTTP Verb GET | request #1
10-02-2024 20:46:21.808 INFO: Incoming request | #1 | resource: /todo/content | HTTP Verb GET | request #1
10-02-2024 20:46:31.903 INFO: Incoming request | #1 | resource: /todo/content | HTTP Verb GET | request #1
10-02-2024 20:48:17.688 INFO: Incoming request | #1 | resource: /todo | HTTP Verb PUT | request #1
10-02-2024 20:48:56.473 INFO: Incoming request | #1 | resource: /todo/size | HTTP Verb GET | request #1
10-02-2024 20:48:56.768 INFO: Incoming request | #1 | resource: /todo/size | HTTP Verb GET | request #1
10-02-2024 20:48:57.258 INFO: Incoming request | #1 | resource: /todo/size | HTTP Verb GET | request #1
10-02-2024 20:48:57.352 INFO: Incoming request | #1 | resource: /todo/size | HTTP Verb GET | request #1
10-02-2024 20:48:57.432 INFO: Incoming request | #1 | resource: /todo/size | HTTP Verb GET | request #1
10-02-2024 20:48:57.543 INFO: Incoming request | #1 | resource: /todo | HTTP Verb PUT | request #1
10-02-2024 20:48:57.791 INFO: Incoming request | #1 | resource: /todo/size | HTTP Verb GET | request #1
10-02-2024 20:48:57.869 INFO: Incoming request | #1 | resource: /todo/size | HTTP Verb GET | request #1
10-02-2024 20:48:58.034 INFO: Incoming request | #1 | resource: /todo | HTTP Verb POST | request #1
10-02-2024 20:48:58.278 INFO: Incoming request | #1 | resource: /todo/content | HTTP Verb GET | request #1
10-02-2024 20:48:58.402 INFO: Incoming request | #1 | resource: /todo/content | HTTP Verb GET | request #1
10-02-2024 20:48:58.489 INFO: Incoming request | #1 | resource: /todo | HTTP Verb DELETE | request #1
10-02-2024 20:48:58.638 INFO: Incoming request | #1 | resource: /todo/size | HTTP Verb GET | request #1
10-02-2024 20:48:58.719 INFO: Incoming request | #1 | resource: /todo/size | HTTP Verb GET | request #1
10-02-2024 20:50:44.890 INFO: Incoming request | #1 | resource: /todo | HTTP Verb POST | request #1
10-02-2024 20:51:13.450 INFO: Incoming request | #1 | resource: /todo/content | HTTP Verb GET | request #1
10-02-2024 21:03:02.100 INFO: Incoming request | #1 | resource: /todo/content | HTTP Verb GET | request #1
10-02-2024 21:03:10.967 INFO: Incoming request | #1 | resource: /todo | HTTP Verb DELETE | request #1
10-02-2024 21:03:44.984 INFO: Incoming request | #1 | resource: /todo | HTTP Verb PUT | request #1
10-02-2024 21:04:10.544 INFO: Incoming request | #1 | resource: /todo/size | HTTP Verb GET | request #1
10-02-2024 21:04:10.745 INFO: Incoming request | #1 | resource: /todo/size | HTTP Verb GET | request #1
10-02-2024 21:04:11.138 INFO: Incoming request | #1 | resource: /todo/size | HTTP Verb GET | request #1
10-02-2024 21:04:11.230 INFO: Incoming request | #1 | resource: /todo/size | HTTP Verb GET | request #1
10-02-2024 21:04:11.308 INFO: Incoming request | #1 | resource: /todo/size | HTTP Verb GET | request #1
10-02-2024 21:04:11.436 INFO: Incoming request | #1 | resource: /todo | HTTP Verb PUT | request #1
10-02-2024 21:04:11.742 INFO: Incoming request | #1 | resource: /todo/size | HTTP Verb GET | request #1
10-02-2024 21:04:11.854 INFO: Incoming request | #1 | resource: /todo/size | HTTP Verb GET | request #1
10-02-2024 21:04:11.962 INFO: Incoming request | #1 | resource: /todo | HTTP Verb POST | request #1
10-02-2024 21:04:12.101 INFO: Incoming request | #1 | resource: /todo/content | HTTP Verb GET | request #1
10-02-2024 21:04:12.214 INFO: Incoming request | #1 | resource: /todo/content | HTTP Verb GET | request #1
10-02-2024 21:04:12.326 INFO: Incoming request | #1 | resource: /todo | HTTP Verb DELETE | request #1
10-02-2024 21:04:12.463 INFO: Incoming request | #1 | resource: /todo/size | HTTP Verb GET | request #1
10-02-2024 21:04:12.568 INFO: Incoming request | #1 | resource: /todo/size | HTTP Verb GET | request #1
10-02-2024 21:05:57.451 INFO: Incoming request | #1 | resource: /todo | HTTP Verb PUT | request #1
10-02-2024 21:06:03.026 INFO: Incoming request | #1 | resource: /todo | HTTP Verb PUT | request #1
10-02-2024 21:06:12.074 INFO: Incoming request | #1 | resource: /todo/size | HTTP Verb GET | request #1
10-02-2024 21:06:12.177 INFO: Incoming request | #1 | resource: /todo/size | HTTP Verb GET | request #1
10-02-2024 21:06:12.555 INFO: Incoming request | #1 | resource: /todo/size | HTTP Verb GET | request #1
10-02-2024 21:06:12.633 INFO: Incoming request | #1 | resource: /todo/size | HTTP Verb GET | request #1
10-02-2024 21:06:12.713 INFO: Incoming request | #1 | resource: /todo/size | HTTP Verb GET | request #1
10-02-2024 21:06:12.821 INFO: Incoming request | #1 | resource: /todo | HTTP Verb PUT | request #1
10-02-2024 21:06:12.936 INFO: Incoming request | #1 | resource: /todo/size | HTTP Verb GET | request #1
10-02-2024 21:06:13.012 INFO: Incoming request | #1 | resource: /todo/size | HTTP Verb GET | request #1
10-02-2024 21:06:13.110 INFO: Incoming request | #1 | resource: /todo | HTTP Verb POST | request #1
10-02-2024 21:06:13.237 INFO: Incoming request | #1 | resource: /todo/content | HTTP Verb GET | request #1
10-02-2024 21:06:13.341 INFO: Incoming request | #1 | resource: /todo/content | HTTP Verb GET | request #1
10-02-2024 21:06:13.425 INFO: Incoming request | #1 | resource: /todo | HTTP Verb DELETE | request #1
10-02-2024 21:06:13.554 INFO: Incoming request | #1 | resource: /todo/size | HTTP Verb GET | request #1
10-02-2024 21:06:13.662 INFO: Incoming request | #1 | resource: /todo/size | HTTP Verb GET | request #1
